<?xml version="1.0" encoding="UTF-8"?>
<!-- Generated by org.testng.reporters.JUnitReportReporter -->
<testsuite hostname="DESKTOP-P7R3D54" name="webdrive_api.Excercise1" tests="2" failures="0" timestamp="2 Mar 2019 08:36:55 GMT" time="13.964" errors="0">
  <testcase name="TC04_creatacount" time="12.165" classname="webdrive_api.Excercise1"/>
  <testcase name="LogInsystem" time="1.799" classname="webdrive_api.Excercise1"/>
</testsuite> <!-- webdrive_api.Excercise1 -->
