<?xml version="1.0" encoding="UTF-8"?>
<!-- Generated by org.testng.reporters.JUnitReportReporter -->
<testsuite hostname="DESKTOP-P7R3D54" name="webdrive_api.Excercise2" tests="3" failures="0" timestamp="2 Mar 2019 08:16:22 GMT" time="18.562" errors="0">
  <testcase name="TC02_checkoption" time="9.178" classname="webdrive_api.Excercise2"/>
  <testcase name="TC03_checkfb" time="6.347" classname="webdrive_api.Excercise2"/>
  <testcase name="TC01_check" time="3.037" classname="webdrive_api.Excercise2"/>
</testsuite> <!-- webdrive_api.Excercise2 -->
